\BOOKMARK [1][-]{section*.1}{\376\377\000I\000n\000t\000r\000o\000d\000u\000c\000t\000i\000o\000n}{}% 1
\BOOKMARK [1][-]{section*.2}{\376\377\000R\000e\000s\000u\000l\000t\000s}{}% 2
\BOOKMARK [2][-]{section*.3}{\376\377\000V\000a\000r\000i\000a\000b\000i\000l\000i\000t\000y\000\040\000a\000c\000r\000o\000s\000s\000\040\000p\000h\000y\000l\000o\000g\000e\000n\000e\000t\000i\000c\000\040\000t\000r\000e\000e\000s\000\040\000a\000n\000d\000\040\000s\000p\000e\000c\000i\000a\000t\000i\000o\000n\000\040\000r\000a\000t\000e\000\040\000m\000e\000a\000s\000u\000r\000e\000s}{section*.2}% 3
\BOOKMARK [2][-]{section*.4}{\376\377\000N\000o\000\040\000e\000v\000i\000d\000e\000n\000c\000e\000\040\000t\000h\000a\000t\000\040\000t\000h\000e\000\040\000r\000e\000l\000a\000t\000i\000o\000n\000s\000h\000i\000p\000\040\000b\000e\000t\000w\000e\000e\000n\000\040\000s\000e\000x\000u\000a\000l\000\040\000s\000e\000l\000e\000c\000t\000i\000o\000n\000\040\000a\000n\000d\000\040\000s\000p\000e\000c\000i\000a\000t\000i\000o\000n\000\040\000d\000e\000p\000e\000n\000d\000s\000\040\000o\000n\000\040\000e\000n\000v\000i\000r\000o\000n\000m\000e\000n\000t\000a\000l\000\040\000v\000a\000r\000i\000a\000b\000i\000l\000i\000t\000y}{section*.2}% 4
\BOOKMARK [2][-]{section*.5}{\376\377\000N\000o\000\040\000e\000v\000i\000d\000e\000n\000c\000e\000\040\000t\000h\000a\000t\000\040\000s\000e\000x\000u\000a\000l\000\040\000d\000i\000c\000h\000r\000o\000m\000a\000t\000i\000s\000m\000\040\000a\000f\000f\000e\000c\000t\000s\000\040\000s\000p\000e\000c\000i\000a\000t\000i\000o\000n}{section*.2}% 5
\BOOKMARK [2][-]{section*.6}{\376\377\000M\000a\000l\000e\000-\000b\000i\000a\000s\000e\000d\000\040\000s\000e\000x\000u\000a\000l\000\040\000s\000e\000l\000e\000c\000t\000i\000o\000n\000\040\000i\000n\000c\000r\000e\000a\000s\000e\000s\000\040\000s\000p\000e\000c\000i\000a\000t\000i\000o\000n\000\040\000r\000a\000t\000e}{section*.2}% 6
\BOOKMARK [2][-]{section*.7}{\376\377\000S\000p\000e\000c\000i\000e\000s\000\040\000w\000i\000t\000h\000\040\000s\000m\000a\000l\000l\000e\000r\000\040\000r\000a\000n\000g\000e\000s\000\040\000h\000a\000v\000e\000\040\000i\000n\000c\000r\000e\000a\000s\000e\000d\000\040\000r\000a\000t\000e\000s\000\040\000o\000f\000\040\000s\000p\000e\000c\000i\000a\000t\000i\000o\000n}{section*.2}% 7
\BOOKMARK [2][-]{section*.8}{\376\377\000P\000h\000y\000l\000o\000g\000e\000n\000e\000t\000i\000c\000\040\000p\000a\000t\000h\000\040\000a\000n\000a\000l\000y\000s\000i\000s}{section*.2}% 8
\BOOKMARK [2][-]{section*.9}{\376\377\000E\000x\000t\000i\000n\000c\000t\000i\000o\000n\000\040\000r\000a\000t\000e}{section*.2}% 9
\BOOKMARK [1][-]{section*.13}{\376\377\000D\000i\000s\000c\000u\000s\000s\000i\000o\000n}{}% 10
\BOOKMARK [1][-]{section*.14}{\376\377\000M\000a\000t\000e\000r\000i\000a\000l\000s\000\040\000a\000n\000d\000\040\000m\000e\000t\000h\000o\000d\000s}{}% 11
\BOOKMARK [2][-]{section*.15}{\376\377\000C\000o\000m\000p\000i\000l\000i\000n\000g\000\040\000d\000a\000t\000a\000\040\000f\000o\000r\000\040\000s\000e\000x\000u\000a\000l\000\040\000s\000e\000l\000e\000c\000t\000i\000o\000n\000\040\000a\000n\000d\000\040\000e\000n\000v\000i\000r\000o\000n\000m\000e\000n\000t\000a\000l\000\040\000s\000t\000r\000e\000s\000s}{section*.14}% 12
\BOOKMARK [3][-]{section*.16}{\376\377\000S\000e\000x\000u\000a\000l\000\040\000d\000i\000c\000h\000r\000o\000m\000a\000t\000i\000s\000m}{section*.15}% 13
\BOOKMARK [3][-]{section*.17}{\376\377\000M\000a\000l\000e\000-\000b\000i\000a\000s\000e\000d\000\040\000s\000e\000x\000u\000a\000l\000\040\000s\000e\000l\000e\000c\000t\000i\000o\000n}{section*.15}% 14
\BOOKMARK [3][-]{section*.18}{\376\377\000E\000n\000v\000i\000r\000o\000n\000m\000e\000n\000t\000a\000l\000\040\000v\000a\000r\000i\000a\000b\000l\000e\000s}{section*.15}% 15
\BOOKMARK [3][-]{section*.19}{\376\377\000G\000e\000n\000e\000r\000a\000t\000i\000n\000g\000\040\000b\000i\000o\000l\000o\000g\000i\000c\000a\000l\000l\000y\000\040\000r\000e\000l\000e\000v\000a\000n\000t\000\040\000p\000r\000e\000d\000i\000c\000t\000o\000r\000s\000\040\000f\000o\000r\000\040\000e\000n\000v\000i\000r\000o\000n\000m\000e\000n\000t\000a\000l\000\040\000s\000t\000r\000e\000s\000s}{section*.15}% 16
\BOOKMARK [2][-]{section*.20}{\376\377\000E\000s\000t\000i\000m\000a\000t\000i\000n\000g\000\040\000e\000x\000t\000i\000n\000c\000t\000i\000o\000n\000\040\000a\000n\000d\000\040\000s\000p\000e\000c\000i\000a\000t\000i\000o\000n}{section*.14}% 17
\BOOKMARK [2][-]{section*.21}{\376\377\000P\000h\000y\000l\000o\000g\000e\000n\000e\000t\000i\000c\000\040\000c\000o\000m\000p\000a\000r\000a\000t\000i\000v\000e\000\040\000a\000n\000a\000l\000y\000s\000i\000s}{section*.14}% 18
\BOOKMARK [1][-]{section*.22}{\376\377\000A\000c\000k\000n\000o\000w\000l\000e\000d\000g\000e\000m\000e\000n\000t\000s}{}% 19
\BOOKMARK [1][-]{section*.23}{\376\377\000R\000e\000f\000e\000r\000e\000n\000c\000e\000s}{}% 20
